0 info it worked if it ends with ok
1 verbose cli [ '/usr/bin/node', '/usr/bin/npm', 'run', 'test' ]
2 info using npm@3.5.2
3 info using node@v8.10.0
4 verbose run-script [ 'pretest', 'test', 'posttest' ]
5 info lifecycle code-challenge-1-example@1.0.0~pretest: code-challenge-1-example@1.0.0
6 silly lifecycle code-challenge-1-example@1.0.0~pretest: no script for pretest, continuing
7 info lifecycle code-challenge-1-example@1.0.0~test: code-challenge-1-example@1.0.0
8 verbose lifecycle code-challenge-1-example@1.0.0~test: unsafe-perm in lifecycle true
9 verbose lifecycle code-challenge-1-example@1.0.0~test: PATH: /usr/share/npm/bin/node-gyp-bin:/mnt/c/Users/douglasl/Projects/code-challenge-1-example/node_modules/.bin:/usr/local/sbin:/usr/local/bin:/usr/sbin:/usr/bin:/sbin:/bin:/usr/games:/usr/local/games:/mnt/c/ProgramData/DockerDesktop/version-bin:/mnt/c/Program Files/Docker/Docker/Resources/bin:/mnt/c/WINDOWS/system32:/mnt/c/WINDOWS:/mnt/c/WINDOWS/System32/Wbem:/mnt/c/WINDOWS/System32/WindowsPowerShell/v1.0/:/mnt/c/WINDOWS/System32/OpenSSH/:/mnt/c/Program Files/Microsoft Dynamics AX/50/BusinessConnector/Bin/:/mnt/c/Program Files (x86)/Microsoft Dynamics AX/50/Client/Bin/:/mnt/c/Program Files/nodejs/:/mnt/c/Program Files (x86)/Intel/Intel(R) Management Engine Components/DAL:/mnt/c/Program Files/Intel/Intel(R) Management Engine Components/DAL:/mnt/c/Program Files/Intel/WiFi/bin/:/mnt/c/Program Files/Common Files/Intel/WirelessCommon/:/mnt/c/Program Files (x86)/Microsoft SQL Server/150/DTS/Binn/:/mnt/c/Program Files/Git/cmd:/mnt/c/ProgramData/DockerDesktop/version-bin:/mnt/c/Program Files/Docker/Docker/Resources/bin:/mnt/c/WINDOWS/system32:/mnt/c/WINDOWS:/mnt/c/WINDOWS/System32/Wbem:/mnt/c/WINDOWS/System32/WindowsPowerShell/v1.0/:/mnt/c/WINDOWS/System32/OpenSSH/:/mnt/c/Program Files/Microsoft Dynamics AX/50/BusinessConnector/Bin/:/mnt/c/Program Files (x86)/Microsoft Dynamics AX/50/Client/Bin/:/mnt/c/Program Files/nodejs/:/mnt/c/Program Files (x86)/Intel/Intel(R) Management Engine Components/DAL:/mnt/c/Program Files/Intel/Intel(R) Management Engine Components/DAL:/mnt/c/Program Files/Intel/WiFi/bin/:/mnt/c/Program Files/Common Files/Intel/WirelessCommon/:/mnt/c/Program Files (x86)/Microsoft SQL Server/150/DTS/Binn/:/mnt/c/Program Files/Git/cmd:/mnt/c/Users/douglasl/AppData/Local/Programs/Microsoft VS Code/bin
10 verbose lifecycle code-challenge-1-example@1.0.0~test: CWD: /mnt/c/Users/douglasl/Projects/code-challenge-1-example
11 silly lifecycle code-challenge-1-example@1.0.0~test: Args: [ '-c', 'jest' ]
12 silly lifecycle code-challenge-1-example@1.0.0~test: Returned: code: 1  signal: null
13 info lifecycle code-challenge-1-example@1.0.0~test: Failed to exec test script
14 verbose stack Error: code-challenge-1-example@1.0.0 test: `jest`
14 verbose stack Exit status 1
14 verbose stack     at EventEmitter.<anonymous> (/usr/share/npm/lib/utils/lifecycle.js:232:16)
14 verbose stack     at emitTwo (events.js:126:13)
14 verbose stack     at EventEmitter.emit (events.js:214:7)
14 verbose stack     at ChildProcess.<anonymous> (/usr/share/npm/lib/utils/spawn.js:24:14)
14 verbose stack     at emitTwo (events.js:126:13)
14 verbose stack     at ChildProcess.emit (events.js:214:7)
14 verbose stack     at maybeClose (internal/child_process.js:925:16)
14 verbose stack     at Process.ChildProcess._handle.onexit (internal/child_process.js:209:5)
15 verbose pkgid code-challenge-1-example@1.0.0
16 verbose cwd /mnt/c/Users/douglasl/Projects/code-challenge-1-example
17 error Linux 4.4.0-18362-Microsoft
18 error argv "/usr/bin/node" "/usr/bin/npm" "run" "test"
19 error node v8.10.0
20 error npm  v3.5.2
21 error code ELIFECYCLE
22 error code-challenge-1-example@1.0.0 test: `jest`
22 error Exit status 1
23 error Failed at the code-challenge-1-example@1.0.0 test script 'jest'.
23 error Make sure you have the latest version of node.js and npm installed.
23 error If you do, this is most likely a problem with the code-challenge-1-example package,
23 error not with npm itself.
23 error Tell the author that this fails on your system:
23 error     jest
23 error You can get information on how to open an issue for this project with:
23 error     npm bugs code-challenge-1-example
23 error Or if that isn't available, you can get their info via:
23 error     npm owner ls code-challenge-1-example
23 error There is likely additional logging output above.
24 verbose exit [ 1, true ]
